mktemp: failed to create directory via template ‘/scratch/jones/gaussian.XXXXXXX’: No such file or directory
chmod: missing operand after ‘go+rwx’
Try 'chmod --help' for more information.
2gsm/2gsm_01

cp: cannot create regular file '/2gsm_II_S.chk': Permission denied
cp: cannot create regular file '/2gsm01.com': Permission denied
total 45
drwx------ 19 jones chemie    38 May  5 13:39 .
drwxr-xr-x  3 root  root       0 May  5 13:39 ..
-rw-------  1 jones chemie 20486 May  4 10:07 .bash_history
-rw-r--r--  1 jones chemie    18 Apr  1  2020 .bash_logout
-rw-r--r--  1 jones chemie   193 Apr  1  2020 .bash_profile
-rw-r--r--  1 jones chemie   340 Apr 24 16:20 .bashrc
drwx------  8 jones chemie     7 Apr 24 16:04 .cache
lrwxrwxrwx  1 jones chemie    13 Sep 16  2021 .conda -> .links/.conda
-rw-r--r--  1 jones chemie     0 Apr 18 17:52 .condarc
drwx------  7 jones chemie     7 Apr 24 16:04 .config
-rw-r--r--  1 jones chemie     0 May  4 10:07 control
-rw-r--r--  1 jones chemie     0 Apr 14 12:21 .definerc
drwxr-xr-x  2 jones chemie     0 Apr 24 16:04 Desktop
drwxr-xr-x  2 jones chemie     0 Apr 24 16:04 Documents
drwxr-xr-x  2 jones chemie     0 Apr 24 16:04 Downloads
-rw-------  1 jones chemie    16 Apr 27  2022 .esd_auth
-rw-r--r--  1 jones chemie    20 Sep 16  2021 .forward
drwx------  3 jones chemie     1 Apr 24 16:04 .gnupg
-rw-------  1 jones chemie   314 Apr 24 16:04 .ICEauthority
-rw-------  1 jones chemie    33 Feb 15 16:44 .lesshst
drwxr-xr-x  2 jones chemie     3 Apr 19 11:07 .links
lrwxrwxrwx  1 jones chemie    13 Sep 16  2021 .local -> .links/.local
drwxr-xr-x  2 jones chemie     0 Apr 24 16:04 Music
drwx------  3 jones chemie     1 Dec  2 15:39 .nv
drwxr-xr-x  2 jones chemie     0 Apr 24 16:04 Pictures
drwxr-xr-x  4 jones chemie     4 Jun 30  2022 ProductionTest
drwxr-xr-x  2 jones chemie     0 Apr 24 16:04 Public
-rw-------  1 jones chemie     0 Apr 19 13:39 .python_history
-rw-r--r--  1 jones chemie   358 Feb 20 18:01 reinitvels.inp.e2643579
-rw-r--r--  1 jones chemie     0 Feb 20 18:01 reinitvels.inp.o2643579
drwx------  2 jones chemie     0 Jun 23  2022 .ssh
drwxr-xr-x  2 jones chemie     0 Apr 24 16:04 Templates
-rw-r--r--  1 jones chemie     0 May  4 10:07 tmp.input
drwxr-xr-x  2 jones chemie     0 Apr 24 16:04 Videos
drwxr-xr-x  2 jones chemie     1 Apr 18 17:44 .vim
-rw-------  1 jones chemie 16933 May  5 13:39 .viminfo
drwxr-xr-x  3 jones chemie     3 Apr 24 16:09 .x2go
-rw-------  1 jones chemie   321 Apr 24 16:04 .Xauthority
-rw-------  1 jones chemie    76 Apr 24 16:04 .xsession-x2go-cluster-x-errors
-rw-r--r--  1 jones chemie   658 Apr  3  2020 .zshrc
 Unable to open input file "/2gsm01.com" or "/2gsm01.com".
/var/spool/sge/node493/job_scripts/2758177: line 34: 22498 Segmentation fault      (core dumped) g16 ${SCRATCHDIR}/${COMNAME}.com
mv: cannot stat '*.chk': No such file or directory
total 45
drwx------ 19 jones chemie    38 May  5 13:39 .
drwxr-xr-x  3 root  root       0 May  5 13:39 ..
-rw-------  1 jones chemie 20486 May  4 10:07 .bash_history
-rw-r--r--  1 jones chemie    18 Apr  1  2020 .bash_logout
-rw-r--r--  1 jones chemie   193 Apr  1  2020 .bash_profile
-rw-r--r--  1 jones chemie   340 Apr 24 16:20 .bashrc
drwx------  8 jones chemie     7 Apr 24 16:04 .cache
lrwxrwxrwx  1 jones chemie    13 Sep 16  2021 .conda -> .links/.conda
-rw-r--r--  1 jones chemie     0 Apr 18 17:52 .condarc
drwx------  7 jones chemie     7 Apr 24 16:04 .config
-rw-r--r--  1 jones chemie     0 May  4 10:07 control
-rw-r--r--  1 jones chemie     0 Apr 14 12:21 .definerc
drwxr-xr-x  2 jones chemie     0 Apr 24 16:04 Desktop
drwxr-xr-x  2 jones chemie     0 Apr 24 16:04 Documents
drwxr-xr-x  2 jones chemie     0 Apr 24 16:04 Downloads
-rw-------  1 jones chemie    16 Apr 27  2022 .esd_auth
-rw-r--r--  1 jones chemie    20 Sep 16  2021 .forward
drwx------  3 jones chemie     1 Apr 24 16:04 .gnupg
-rw-------  1 jones chemie   314 Apr 24 16:04 .ICEauthority
-rw-------  1 jones chemie    33 Feb 15 16:44 .lesshst
drwxr-xr-x  2 jones chemie     3 Apr 19 11:07 .links
lrwxrwxrwx  1 jones chemie    13 Sep 16  2021 .local -> .links/.local
drwxr-xr-x  2 jones chemie     0 Apr 24 16:04 Music
drwx------  3 jones chemie     1 Dec  2 15:39 .nv
drwxr-xr-x  2 jones chemie     0 Apr 24 16:04 Pictures
drwxr-xr-x  4 jones chemie     4 Jun 30  2022 ProductionTest
drwxr-xr-x  2 jones chemie     0 Apr 24 16:04 Public
-rw-------  1 jones chemie     0 Apr 19 13:39 .python_history
-rw-r--r--  1 jones chemie   358 Feb 20 18:01 reinitvels.inp.e2643579
-rw-r--r--  1 jones chemie     0 Feb 20 18:01 reinitvels.inp.o2643579
drwx------  2 jones chemie     0 Jun 23  2022 .ssh
drwxr-xr-x  2 jones chemie     0 Apr 24 16:04 Templates
-rw-r--r--  1 jones chemie     0 May  4 10:07 tmp.input
drwxr-xr-x  2 jones chemie     0 Apr 24 16:04 Videos
drwxr-xr-x  2 jones chemie     1 Apr 18 17:44 .vim
-rw-------  1 jones chemie 16933 May  5 13:39 .viminfo
drwxr-xr-x  3 jones chemie     3 Apr 24 16:09 .x2go
-rw-------  1 jones chemie   321 Apr 24 16:04 .Xauthority
-rw-------  1 jones chemie    76 Apr 24 16:04 .xsession-x2go-cluster-x-errors
-rw-r--r--  1 jones chemie   658 Apr  3  2020 .zshrc
