XTB Charge-Multiplicity Exploration - 20260112_134538
================================================================================
Processing 13 structures
Each structure will be optimized for 4 charge-multiplicity states
Charge-Multiplicity combinations:
  - q=0, m=1
  - q=0, m=5
  - q=1, m=2
  - q=1, m=6
================================================================================


================================================================================
Processing 1/13: 1a2f
Source: PDB/1a2f/1a2f_system_protonated.pdb
================================================================================
Using existing XYZ file: PDB/1a2f/1a2f_system_protonated.xyz
✓ SUCCESS (q=0, m=1): PDB/1a2f/1a2f_opt_q0_m1_20260112_134538.xyz
  XTB log: PDB/1a2f/1a2f_xtb_opt_q0_m1_20260112_134538.out
  Optimization level: vtight
✓ SUCCESS (q=0, m=5): PDB/1a2f/1a2f_opt_q0_m5_20260112_134538.xyz
  XTB log: PDB/1a2f/1a2f_xtb_opt_q0_m5_20260112_134538.out
  Optimization level: vtight
✓ SUCCESS (q=1, m=2): PDB/1a2f/1a2f_opt_q1_m2_20260112_134538.xyz
  XTB log: PDB/1a2f/1a2f_xtb_opt_q1_m2_20260112_134538.out
  Optimization level: vtight
✓ SUCCESS (q=1, m=6): PDB/1a2f/1a2f_opt_q1_m6_20260112_134538.xyz
  XTB log: PDB/1a2f/1a2f_xtb_opt_q1_m6_20260112_134538.out
  Optimization level: vtight

================================================================================
Processing 2/13: 1a6k
Source: PDB/1a6k/1a6k_system_protonated.pdb
================================================================================
Using existing XYZ file: PDB/1a6k/1a6k_system_protonated.xyz
✓ SUCCESS (q=0, m=1): PDB/1a6k/1a6k_opt_q0_m1_20260112_134538.xyz
  XTB log: PDB/1a6k/1a6k_xtb_opt_q0_m1_20260112_134538.out
  Optimization level: vtight
✓ SUCCESS (q=0, m=5): PDB/1a6k/1a6k_opt_q0_m5_20260112_134538.xyz
  XTB log: PDB/1a6k/1a6k_xtb_opt_q0_m5_20260112_134538.out
  Optimization level: vtight
✓ SUCCESS (q=1, m=2): PDB/1a6k/1a6k_opt_q1_m2_20260112_134538.xyz
  XTB log: PDB/1a6k/1a6k_xtb_opt_q1_m2_20260112_134538.out
  Optimization level: vtight
✓ SUCCESS (q=1, m=6): PDB/1a6k/1a6k_opt_q1_m6_20260112_134538.xyz
  XTB log: PDB/1a6k/1a6k_xtb_opt_q1_m6_20260112_134538.out
  Optimization level: vtight

================================================================================
Processing 3/13: 1aa4
Source: PDB/1aa4/1aa4_system_protonated.pdb
================================================================================
Using existing XYZ file: PDB/1aa4/1aa4_system_protonated.xyz
✓ SUCCESS (q=0, m=1): PDB/1aa4/1aa4_opt_q0_m1_20260112_134538.xyz
  XTB log: PDB/1aa4/1aa4_xtb_opt_q0_m1_20260112_134538.out
  Optimization level: vtight
✓ SUCCESS (q=0, m=5): PDB/1aa4/1aa4_opt_q0_m5_20260112_134538.xyz
  XTB log: PDB/1aa4/1aa4_xtb_opt_q0_m5_20260112_134538.out
  Optimization level: vtight
✓ SUCCESS (q=1, m=2): PDB/1aa4/1aa4_opt_q1_m2_20260112_134538.xyz
  XTB log: PDB/1aa4/1aa4_xtb_opt_q1_m2_20260112_134538.out
  Optimization level: vtight
✓ SUCCESS (q=1, m=6): PDB/1aa4/1aa4_opt_q1_m6_20260112_134538.xyz
  XTB log: PDB/1aa4/1aa4_xtb_opt_q1_m6_20260112_134538.out
  Optimization level: vtight

================================================================================
Processing 4/13: 1aom
Source: PDB/1aom/1aom_system_protonated.pdb
================================================================================
Using existing XYZ file: PDB/1aom/1aom_system_protonated.xyz
✓ SUCCESS (q=0, m=1): PDB/1aom/1aom_opt_q0_m1_20260112_134538.xyz
  XTB log: PDB/1aom/1aom_xtb_opt_q0_m1_20260112_134538.out
  Optimization level: vtight
✓ SUCCESS (q=0, m=5): PDB/1aom/1aom_opt_q0_m5_20260112_134538.xyz
  XTB log: PDB/1aom/1aom_xtb_opt_q0_m5_20260112_134538.out
  Optimization level: vtight
✓ SUCCESS (q=1, m=2): PDB/1aom/1aom_opt_q1_m2_20260112_134538.xyz
  XTB log: PDB/1aom/1aom_xtb_opt_q1_m2_20260112_134538.out
  Optimization level: vtight
✓ SUCCESS (q=1, m=6): PDB/1aom/1aom_opt_q1_m6_20260112_134538.xyz
  XTB log: PDB/1aom/1aom_xtb_opt_q1_m6_20260112_134538.out
  Optimization level: vtight

================================================================================
Processing 5/13: 1c52
Source: PDB/1c52/1c52_system_protonated.pdb
================================================================================
Using existing XYZ file: PDB/1c52/1c52_system_protonated.xyz
✓ SUCCESS (q=0, m=1): PDB/1c52/1c52_opt_q0_m1_20260112_134538.xyz
  XTB log: PDB/1c52/1c52_xtb_opt_q0_m1_20260112_134538.out
  Optimization level: vtight
✓ SUCCESS (q=0, m=5): PDB/1c52/1c52_opt_q0_m5_20260112_134538.xyz
  XTB log: PDB/1c52/1c52_xtb_opt_q0_m5_20260112_134538.out
  Optimization level: vtight
✓ SUCCESS (q=1, m=2): PDB/1c52/1c52_opt_q1_m2_20260112_134538.xyz
  XTB log: PDB/1c52/1c52_xtb_opt_q1_m2_20260112_134538.out
  Optimization level: vtight
✓ SUCCESS (q=1, m=6): PDB/1c52/1c52_opt_q1_m6_20260112_134538.xyz
  XTB log: PDB/1c52/1c52_xtb_opt_q1_m6_20260112_134538.out
  Optimization level: vtight

================================================================================
Processing 6/13: 1c75
Source: PDB/1c75/1c75_system_protonated.pdb
================================================================================
Using existing XYZ file: PDB/1c75/1c75_system_protonated.xyz
✓ SUCCESS (q=0, m=1): PDB/1c75/1c75_opt_q0_m1_20260112_134538.xyz
  XTB log: PDB/1c75/1c75_xtb_opt_q0_m1_20260112_134538.out
  Optimization level: vtight
✓ SUCCESS (q=0, m=5): PDB/1c75/1c75_opt_q0_m5_20260112_134538.xyz
  XTB log: PDB/1c75/1c75_xtb_opt_q0_m5_20260112_134538.out
  Optimization level: vtight
✓ SUCCESS (q=1, m=2): PDB/1c75/1c75_opt_q1_m2_20260112_134538.xyz
  XTB log: PDB/1c75/1c75_xtb_opt_q1_m2_20260112_134538.out
  Optimization level: vtight
✓ SUCCESS (q=1, m=6): PDB/1c75/1c75_opt_q1_m6_20260112_134538.xyz
  XTB log: PDB/1c75/1c75_xtb_opt_q1_m6_20260112_134538.out
  Optimization level: vtight

================================================================================
Processing 7/13: 1cpt
Source: PDB/1cpt/1cpt_system_protonated.pdb
================================================================================
Using existing XYZ file: PDB/1cpt/1cpt_system_protonated.xyz
✓ SUCCESS (q=0, m=1): PDB/1cpt/1cpt_opt_q0_m1_20260112_134538.xyz
  XTB log: PDB/1cpt/1cpt_xtb_opt_q0_m1_20260112_134538.out
  Optimization level: vtight
✓ SUCCESS (q=0, m=5): PDB/1cpt/1cpt_opt_q0_m5_20260112_134538.xyz
  XTB log: PDB/1cpt/1cpt_xtb_opt_q0_m5_20260112_134538.out
  Optimization level: vtight
✓ SUCCESS (q=1, m=2): PDB/1cpt/1cpt_opt_q1_m2_20260112_134538.xyz
  XTB log: PDB/1cpt/1cpt_xtb_opt_q1_m2_20260112_134538.out
  Optimization level: vtight
✓ SUCCESS (q=1, m=6): PDB/1cpt/1cpt_opt_q1_m6_20260112_134538.xyz
  XTB log: PDB/1cpt/1cpt_xtb_opt_q1_m6_20260112_134538.out
  Optimization level: vtight

================================================================================
Processing 8/13: 1cxy
Source: PDB/1cxy/1cxy_system_protonated.pdb
================================================================================
Using existing XYZ file: PDB/1cxy/1cxy_system_protonated.xyz
✓ SUCCESS (q=0, m=1): PDB/1cxy/1cxy_opt_q0_m1_20260112_134538.xyz
  XTB log: PDB/1cxy/1cxy_xtb_opt_q0_m1_20260112_134538.out
  Optimization level: vtight
✓ SUCCESS (q=0, m=5): PDB/1cxy/1cxy_opt_q0_m5_20260112_134538.xyz
  XTB log: PDB/1cxy/1cxy_xtb_opt_q0_m5_20260112_134538.out
  Optimization level: vtight
✓ SUCCESS (q=1, m=2): PDB/1cxy/1cxy_opt_q1_m2_20260112_134538.xyz
  XTB log: PDB/1cxy/1cxy_xtb_opt_q1_m2_20260112_134538.out
  Optimization level: vtight
✓ SUCCESS (q=1, m=6): PDB/1cxy/1cxy_opt_q1_m6_20260112_134538.xyz
  XTB log: PDB/1cxy/1cxy_xtb_opt_q1_m6_20260112_134538.out
  Optimization level: vtight

================================================================================
Processing 9/13: 1cyo
Source: PDB/1cyo/1cyo_system_protonated.pdb
================================================================================
Using existing XYZ file: PDB/1cyo/1cyo_system_protonated.xyz
✓ SUCCESS (q=0, m=1): PDB/1cyo/1cyo_opt_q0_m1_20260112_134538.xyz
  XTB log: PDB/1cyo/1cyo_xtb_opt_q0_m1_20260112_134538.out
  Optimization level: vtight
✓ SUCCESS (q=0, m=5): PDB/1cyo/1cyo_opt_q0_m5_20260112_134538.xyz
  XTB log: PDB/1cyo/1cyo_xtb_opt_q0_m5_20260112_134538.out
  Optimization level: vtight
✓ SUCCESS (q=1, m=2): PDB/1cyo/1cyo_opt_q1_m2_20260112_134538.xyz
  XTB log: PDB/1cyo/1cyo_xtb_opt_q1_m2_20260112_134538.out
  Optimization level: vtight
✓ SUCCESS (q=1, m=6): PDB/1cyo/1cyo_opt_q1_m6_20260112_134538.xyz
  XTB log: PDB/1cyo/1cyo_xtb_opt_q1_m6_20260112_134538.out
  Optimization level: vtight

================================================================================
Processing 10/13: 1dp6
Source: PDB/1dp6/1dp6_system_protonated.pdb
================================================================================
Using existing XYZ file: PDB/1dp6/1dp6_system_protonated.xyz
✓ SUCCESS (q=0, m=1): PDB/1dp6/1dp6_opt_q0_m1_20260112_134538.xyz
  XTB log: PDB/1dp6/1dp6_xtb_opt_q0_m1_20260112_134538.out
  Optimization level: vtight
✓ SUCCESS (q=0, m=5): PDB/1dp6/1dp6_opt_q0_m5_20260112_134538.xyz
  XTB log: PDB/1dp6/1dp6_xtb_opt_q0_m5_20260112_134538.out
  Optimization level: vtight
✓ SUCCESS (q=1, m=2): PDB/1dp6/1dp6_opt_q1_m2_20260112_134538.xyz
  XTB log: PDB/1dp6/1dp6_xtb_opt_q1_m2_20260112_134538.out
  Optimization level: vtight
✓ SUCCESS (q=1, m=6): PDB/1dp6/1dp6_opt_q1_m6_20260112_134538.xyz
  XTB log: PDB/1dp6/1dp6_xtb_opt_q1_m6_20260112_134538.out
  Optimization level: vtight

================================================================================
Processing 11/13: 1gjm
Source: PDB/1gjm/1gjm_system_protonated.pdb
================================================================================
Using existing XYZ file: PDB/1gjm/1gjm_system_protonated.xyz
✓ SUCCESS (q=0, m=1): PDB/1gjm/1gjm_opt_q0_m1_20260112_134538.xyz
  XTB log: PDB/1gjm/1gjm_xtb_opt_q0_m1_20260112_134538.out
  Optimization level: vtight
✓ SUCCESS (q=0, m=5): PDB/1gjm/1gjm_opt_q0_m5_20260112_134538.xyz
  XTB log: PDB/1gjm/1gjm_xtb_opt_q0_m5_20260112_134538.out
  Optimization level: vtight
✓ SUCCESS (q=1, m=2): PDB/1gjm/1gjm_opt_q1_m2_20260112_134538.xyz
  XTB log: PDB/1gjm/1gjm_xtb_opt_q1_m2_20260112_134538.out
  Optimization level: vtight
✓ SUCCESS (q=1, m=6): PDB/1gjm/1gjm_opt_q1_m6_20260112_134538.xyz
  XTB log: PDB/1gjm/1gjm_xtb_opt_q1_m6_20260112_134538.out
  Optimization level: vtight

================================================================================
Processing 12/13: 1ltw
Source: PDB/1ltw/1ltw_system_protonated.pdb
================================================================================
Using existing XYZ file: PDB/1ltw/1ltw_system_protonated.xyz
✓ SUCCESS (q=0, m=1): PDB/1ltw/1ltw_opt_q0_m1_20260112_134538.xyz
  XTB log: PDB/1ltw/1ltw_xtb_opt_q0_m1_20260112_134538.out
  Optimization level: vtight
✓ SUCCESS (q=0, m=5): PDB/1ltw/1ltw_opt_q0_m5_20260112_134538.xyz
  XTB log: PDB/1ltw/1ltw_xtb_opt_q0_m5_20260112_134538.out
  Optimization level: vtight
✓ SUCCESS (q=1, m=2): PDB/1ltw/1ltw_opt_q1_m2_20260112_134538.xyz
  XTB log: PDB/1ltw/1ltw_xtb_opt_q1_m2_20260112_134538.out
  Optimization level: vtight
✓ SUCCESS (q=1, m=6): PDB/1ltw/1ltw_opt_q1_m6_20260112_134538.xyz
  XTB log: PDB/1ltw/1ltw_xtb_opt_q1_m6_20260112_134538.out
  Optimization level: vtight

================================================================================
WARNING: No protonated structure found for 2gdm
================================================================================

================================================================================
CHARGE-MULTIPLICITY EXPLORATION COMPLETE
================================================================================
Total structures: 13
Total calculations: 52

q=0, m=1:
  Success: 12
  Failed: 0
  Skipped: 0
q=0, m=5:
  Success: 12
  Failed: 0
  Skipped: 0
q=1, m=2:
  Success: 12
  Failed: 0
  Skipped: 0
q=1, m=6:
  Success: 12
  Failed: 0
  Skipped: 0

Timestamp: 20260112_134538
Master log: xtb_chargemult_master_20260112_134538.log
History file: xtb_chargemult_history_20260112_134538.txt
================================================================================
