XTB Optimization Run - 20251201_145932
================================================================================
Found 933 protonated structure files
================================================================================


================================================================================
Processing 1/933: 102m
Source: PDB/102m/102m_system_protonated.pdb
================================================================================
Using existing XYZ file: PDB/102m/102m_system_protonated.xyz
✓ SUCCESS: Optimized structure saved to PDB/102m/102m_opt_20251201_145932.xyz
  XTB log: PDB/102m/102m_xtb_opt_20251201_145932.out
  Optimization level: vtight

================================================================================
Processing 2/933: 155c
Source: PDB/155c/155c_system_protonated.pdb
================================================================================
Using existing XYZ file: PDB/155c/155c_system_protonated.xyz
✓ SUCCESS: Optimized structure saved to PDB/155c/155c_opt_20251201_145932.xyz
  XTB log: PDB/155c/155c_xtb_opt_20251201_145932.out
  Optimization level: vtight

================================================================================
Processing 3/933: 1a2f
Source: PDB/1a2f/1a2f_system_protonated.pdb
================================================================================
Using existing XYZ file: PDB/1a2f/1a2f_system_protonated.xyz
✓ SUCCESS: Optimized structure saved to PDB/1a2f/1a2f_opt_20251201_145932.xyz
  XTB log: PDB/1a2f/1a2f_xtb_opt_20251201_145932.out
  Optimization level: vtight

================================================================================
Processing 4/933: 1a2g
Source: PDB/1a2g/1a2g_system_protonated.pdb
================================================================================
Using existing XYZ file: PDB/1a2g/1a2g_system_protonated.xyz
✓ SUCCESS: Optimized structure saved to PDB/1a2g/1a2g_opt_20251201_145932.xyz
  XTB log: PDB/1a2g/1a2g_xtb_opt_20251201_145932.out
  Optimization level: vtight

================================================================================
Processing 5/933: 1a6k
Source: PDB/1a6k/1a6k_system_protonated.pdb
================================================================================
Using existing XYZ file: PDB/1a6k/1a6k_system_protonated.xyz
✓ SUCCESS: Optimized structure saved to PDB/1a6k/1a6k_opt_20251201_145932.xyz
  XTB log: PDB/1a6k/1a6k_xtb_opt_20251201_145932.out
  Optimization level: vtight

================================================================================
Processing 6/933: 1a6m
Source: PDB/1a6m/1a6m_system_protonated.pdb
================================================================================
Using existing XYZ file: PDB/1a6m/1a6m_system_protonated.xyz
✓ SUCCESS: Optimized structure saved to PDB/1a6m/1a6m_opt_20251201_145932.xyz
  XTB log: PDB/1a6m/1a6m_xtb_opt_20251201_145932.out
  Optimization level: vtight

================================================================================
Processing 7/933: 1aa4
Source: PDB/1aa4/1aa4_system_protonated.pdb
================================================================================
Using existing XYZ file: PDB/1aa4/1aa4_system_protonated.xyz
✓ SUCCESS: Optimized structure saved to PDB/1aa4/1aa4_opt_20251201_145932.xyz
  XTB log: PDB/1aa4/1aa4_xtb_opt_20251201_145932.out
  Optimization level: vtight

================================================================================
Processing 8/933: 1ac4
Source: PDB/1ac4/1ac4_system_protonated.pdb
================================================================================
Using existing XYZ file: PDB/1ac4/1ac4_system_protonated.xyz
✓ SUCCESS: Optimized structure saved to PDB/1ac4/1ac4_opt_20251201_145932.xyz
  XTB log: PDB/1ac4/1ac4_xtb_opt_20251201_145932.out
  Optimization level: vtight

================================================================================
Processing 9/933: 1ac8
Source: PDB/1ac8/1ac8_system_protonated.pdb
================================================================================
Using existing XYZ file: PDB/1ac8/1ac8_system_protonated.xyz
✓ SUCCESS: Optimized structure saved to PDB/1ac8/1ac8_opt_20251201_145932.xyz
  XTB log: PDB/1ac8/1ac8_xtb_opt_20251201_145932.out
  Optimization level: vtight

================================================================================
Processing 10/933: 1aeb
Source: PDB/1aeb/1aeb_system_protonated.pdb
================================================================================
Using existing XYZ file: PDB/1aeb/1aeb_system_protonated.xyz
✓ SUCCESS: Optimized structure saved to PDB/1aeb/1aeb_opt_20251201_145932.xyz
  XTB log: PDB/1aeb/1aeb_xtb_opt_20251201_145932.out
  Optimization level: vtight

================================================================================
Processing 11/933: 1aed
Source: PDB/1aed/1aed_system_protonated.pdb
================================================================================
Using existing XYZ file: PDB/1aed/1aed_system_protonated.xyz
✓ SUCCESS: Optimized structure saved to PDB/1aed/1aed_opt_20251201_145932.xyz
  XTB log: PDB/1aed/1aed_xtb_opt_20251201_145932.out
  Optimization level: vtight

================================================================================
Processing 12/933: 1aee
Source: PDB/1aee/1aee_system_protonated.pdb
================================================================================
Using existing XYZ file: PDB/1aee/1aee_system_protonated.xyz
✓ SUCCESS: Optimized structure saved to PDB/1aee/1aee_opt_20251201_145932.xyz
  XTB log: PDB/1aee/1aee_xtb_opt_20251201_145932.out
  Optimization level: vtight

================================================================================
Processing 13/933: 1aef
Source: PDB/1aef/1aef_system_protonated.pdb
================================================================================
Using existing XYZ file: PDB/1aef/1aef_system_protonated.xyz
✓ SUCCESS: Optimized structure saved to PDB/1aef/1aef_opt_20251201_145932.xyz
  XTB log: PDB/1aef/1aef_xtb_opt_20251201_145932.out
  Optimization level: vtight

================================================================================
Processing 14/933: 1aeg
Source: PDB/1aeg/1aeg_system_protonated.pdb
================================================================================
Using existing XYZ file: PDB/1aeg/1aeg_system_protonated.xyz
✓ SUCCESS: Optimized structure saved to PDB/1aeg/1aeg_opt_20251201_145932.xyz
  XTB log: PDB/1aeg/1aeg_xtb_opt_20251201_145932.out
  Optimization level: vtight

================================================================================
Processing 15/933: 1aeh
Source: PDB/1aeh/1aeh_system_protonated.pdb
================================================================================
Using existing XYZ file: PDB/1aeh/1aeh_system_protonated.xyz
✓ SUCCESS: Optimized structure saved to PDB/1aeh/1aeh_opt_20251201_145932.xyz
  XTB log: PDB/1aeh/1aeh_xtb_opt_20251201_145932.out
  Optimization level: vtight

================================================================================
Processing 16/933: 1aej
Source: PDB/1aej/1aej_system_protonated.pdb
================================================================================
Using existing XYZ file: PDB/1aej/1aej_system_protonated.xyz
✓ SUCCESS: Optimized structure saved to PDB/1aej/1aej_opt_20251201_145932.xyz
  XTB log: PDB/1aej/1aej_xtb_opt_20251201_145932.out
  Optimization level: vtight

================================================================================
Processing 17/933: 1aek
Source: PDB/1aek/1aek_system_protonated.pdb
================================================================================
Using existing XYZ file: PDB/1aek/1aek_system_protonated.xyz
✓ SUCCESS: Optimized structure saved to PDB/1aek/1aek_opt_20251201_145932.xyz
  XTB log: PDB/1aek/1aek_xtb_opt_20251201_145932.out
  Optimization level: vtight

================================================================================
Processing 18/933: 1aem
Source: PDB/1aem/1aem_system_protonated.pdb
================================================================================
Using existing XYZ file: PDB/1aem/1aem_system_protonated.xyz
✓ SUCCESS: Optimized structure saved to PDB/1aem/1aem_opt_20251201_145932.xyz
  XTB log: PDB/1aem/1aem_xtb_opt_20251201_145932.out
  Optimization level: vtight

================================================================================
Processing 19/933: 1aen
Source: PDB/1aen/1aen_system_protonated.pdb
================================================================================
Using existing XYZ file: PDB/1aen/1aen_system_protonated.xyz
✓ SUCCESS: Optimized structure saved to PDB/1aen/1aen_opt_20251201_145932.xyz
  XTB log: PDB/1aen/1aen_xtb_opt_20251201_145932.out
  Optimization level: vtight

================================================================================
Processing 20/933: 1aeo
Source: PDB/1aeo/1aeo_system_protonated.pdb
================================================================================
Using existing XYZ file: PDB/1aeo/1aeo_system_protonated.xyz
✓ SUCCESS: Optimized structure saved to PDB/1aeo/1aeo_opt_20251201_145932.xyz
  XTB log: PDB/1aeo/1aeo_xtb_opt_20251201_145932.out
  Optimization level: vtight

================================================================================
Processing 21/933: 1aeq
Source: PDB/1aeq/1aeq_system_protonated.pdb
================================================================================
Using existing XYZ file: PDB/1aeq/1aeq_system_protonated.xyz
✓ SUCCESS: Optimized structure saved to PDB/1aeq/1aeq_opt_20251201_145932.xyz
  XTB log: PDB/1aeq/1aeq_xtb_opt_20251201_145932.out
  Optimization level: vtight

================================================================================
Processing 22/933: 1aes
Source: PDB/1aes/1aes_system_protonated.pdb
================================================================================
Using existing XYZ file: PDB/1aes/1aes_system_protonated.xyz
✓ SUCCESS: Optimized structure saved to PDB/1aes/1aes_opt_20251201_145932.xyz
  XTB log: PDB/1aes/1aes_xtb_opt_20251201_145932.out
  Optimization level: vtight

================================================================================
Processing 23/933: 1aet
Source: PDB/1aet/1aet_system_protonated.pdb
================================================================================
Using existing XYZ file: PDB/1aet/1aet_system_protonated.xyz
✓ SUCCESS: Optimized structure saved to PDB/1aet/1aet_opt_20251201_145932.xyz
  XTB log: PDB/1aet/1aet_xtb_opt_20251201_145932.out
  Optimization level: vtight

================================================================================
Processing 24/933: 1aeu
Source: PDB/1aeu/1aeu_system_protonated.pdb
================================================================================
Using existing XYZ file: PDB/1aeu/1aeu_system_protonated.xyz
✓ SUCCESS: Optimized structure saved to PDB/1aeu/1aeu_opt_20251201_145932.xyz
  XTB log: PDB/1aeu/1aeu_xtb_opt_20251201_145932.out
  Optimization level: vtight

================================================================================
Processing 25/933: 1aev
Source: PDB/1aev/1aev_system_protonated.pdb
================================================================================
Using existing XYZ file: PDB/1aev/1aev_system_protonated.xyz
✓ SUCCESS: Optimized structure saved to PDB/1aev/1aev_opt_20251201_145932.xyz
  XTB log: PDB/1aev/1aev_xtb_opt_20251201_145932.out
  Optimization level: vtight

================================================================================
Processing 26/933: 1aom
Source: PDB/1aom/1aom_system_protonated.pdb
================================================================================
Using existing XYZ file: PDB/1aom/1aom_system_protonated.xyz
