<<<<<<< HEAD
/home/pbuser/miniconda3/envs/heme/lib/python3.11/site-packages/Bio/PDB/StructureBuilder.py:89: PDBConstructionWarning: WARNING: Chain A is discontinuous at line 9367.
  warnings.warn(
/home/pbuser/miniconda3/envs/heme/lib/python3.11/site-packages/Bio/PDB/StructureBuilder.py:89: PDBConstructionWarning: WARNING: Chain B is discontinuous at line 9444.
  warnings.warn(
/home/pbuser/miniconda3/envs/heme/lib/python3.11/site-packages/Bio/PDB/StructureBuilder.py:89: PDBConstructionWarning: WARNING: Chain C is discontinuous at line 9489.
  warnings.warn(
/home/pbuser/miniconda3/envs/heme/lib/python3.11/site-packages/Bio/PDB/StructureBuilder.py:89: PDBConstructionWarning: WARNING: Chain D is discontinuous at line 9573.
  warnings.warn(
/home/pbuser/miniconda3/envs/heme/lib/python3.11/site-packages/Bio/PDB/StructureBuilder.py:89: PDBConstructionWarning: WARNING: Chain A is discontinuous at line 9602.
  warnings.warn(
/home/pbuser/miniconda3/envs/heme/lib/python3.11/site-packages/Bio/PDB/StructureBuilder.py:89: PDBConstructionWarning: WARNING: Chain B is discontinuous at line 10042.
  warnings.warn(
/home/pbuser/miniconda3/envs/heme/lib/python3.11/site-packages/Bio/PDB/StructureBuilder.py:89: PDBConstructionWarning: WARNING: Chain C is discontinuous at line 10255.
  warnings.warn(
/home/pbuser/miniconda3/envs/heme/lib/python3.11/site-packages/Bio/PDB/StructureBuilder.py:89: PDBConstructionWarning: WARNING: Chain D is discontinuous at line 10351.
  warnings.warn(
/home/pbuser/miniconda3/envs/heme/lib/python3.11/site-packages/Bio/PDB/StructureBuilder.py:89: PDBConstructionWarning: WARNING: Chain A is discontinuous at line 9286.
  warnings.warn(
/home/pbuser/miniconda3/envs/heme/lib/python3.11/site-packages/Bio/PDB/StructureBuilder.py:89: PDBConstructionWarning: WARNING: Chain B is discontinuous at line 9345.
  warnings.warn(
/home/pbuser/miniconda3/envs/heme/lib/python3.11/site-packages/Bio/PDB/StructureBuilder.py:89: PDBConstructionWarning: WARNING: Chain C is discontinuous at line 9370.
  warnings.warn(
/home/pbuser/miniconda3/envs/heme/lib/python3.11/site-packages/Bio/PDB/StructureBuilder.py:89: PDBConstructionWarning: WARNING: Chain D is discontinuous at line 9464.
  warnings.warn(
/home/pbuser/miniconda3/envs/heme/lib/python3.11/site-packages/Bio/PDB/StructureBuilder.py:89: PDBConstructionWarning: WARNING: Chain A is discontinuous at line 9488.
  warnings.warn(
/home/pbuser/miniconda3/envs/heme/lib/python3.11/site-packages/Bio/PDB/StructureBuilder.py:89: PDBConstructionWarning: WARNING: Chain B is discontinuous at line 9768.
  warnings.warn(
/home/pbuser/miniconda3/envs/heme/lib/python3.11/site-packages/Bio/PDB/StructureBuilder.py:89: PDBConstructionWarning: WARNING: Chain C is discontinuous at line 9927.
  warnings.warn(
/home/pbuser/miniconda3/envs/heme/lib/python3.11/site-packages/Bio/PDB/StructureBuilder.py:89: PDBConstructionWarning: WARNING: Chain D is discontinuous at line 9999.
  warnings.warn(
/home/pbuser/miniconda3/envs/heme/lib/python3.11/site-packages/Bio/PDB/StructureBuilder.py:89: PDBConstructionWarning: WARNING: Chain A is discontinuous at line 9359.
  warnings.warn(
/home/pbuser/miniconda3/envs/heme/lib/python3.11/site-packages/Bio/PDB/StructureBuilder.py:89: PDBConstructionWarning: WARNING: Chain B is discontinuous at line 9435.
  warnings.warn(
/home/pbuser/miniconda3/envs/heme/lib/python3.11/site-packages/Bio/PDB/StructureBuilder.py:89: PDBConstructionWarning: WARNING: Chain C is discontinuous at line 9470.
  warnings.warn(
/home/pbuser/miniconda3/envs/heme/lib/python3.11/site-packages/Bio/PDB/StructureBuilder.py:89: PDBConstructionWarning: WARNING: Chain D is discontinuous at line 9551.
  warnings.warn(
/home/pbuser/miniconda3/envs/heme/lib/python3.11/site-packages/Bio/PDB/StructureBuilder.py:89: PDBConstructionWarning: WARNING: Chain A is discontinuous at line 9581.
  warnings.warn(
/home/pbuser/miniconda3/envs/heme/lib/python3.11/site-packages/Bio/PDB/StructureBuilder.py:89: PDBConstructionWarning: WARNING: Chain B is discontinuous at line 9873.
  warnings.warn(
/home/pbuser/miniconda3/envs/heme/lib/python3.11/site-packages/Bio/PDB/StructureBuilder.py:89: PDBConstructionWarning: WARNING: Chain C is discontinuous at line 10039.
  warnings.warn(
/home/pbuser/miniconda3/envs/heme/lib/python3.11/site-packages/Bio/PDB/StructureBuilder.py:89: PDBConstructionWarning: WARNING: Chain D is discontinuous at line 10100.
  warnings.warn(
/home/pbuser/Desktop/PhD_WORK/heme/heme_struct.py:202: PDBPrepWarning: d(ax1-dum1) and d(ax2-dum1) are smaller than 1.5 Angstrom. This may indicate several serious issues with the choice of axials.
  warnings.warn("d(ax1-dum1) and d(ax2-dum1) are smaller than 1.5 Angstrom. This may indicate several serious issues with the choice of axials.", PDBPrepWarning)
/home/pbuser/Desktop/PhD_WORK/heme/heme_struct.py:198: PDBPrepWarning: d(ax1-ax2) is smaller than 4 Angstrom. Please check structure for correctness. 
  warnings.warn("d(ax1-ax2) is smaller than 4 Angstrom. Please check structure for correctness. ", PDBPrepWarning)
/home/pbuser/Desktop/PhD_WORK/heme/heme_struct.py:202: PDBPrepWarning: d(ax1-dum1) and d(ax2-dum1) are smaller than 1.5 Angstrom. This may indicate several serious issues with the choice of axials.
  warnings.warn("d(ax1-dum1) and d(ax2-dum1) are smaller than 1.5 Angstrom. This may indicate several serious issues with the choice of axials.", PDBPrepWarning)
/home/pbuser/miniconda3/envs/heme/lib/python3.11/site-packages/Bio/PDB/StructureBuilder.py:89: PDBConstructionWarning: WARNING: Chain A is discontinuous at line 17960.
  warnings.warn(
/home/pbuser/miniconda3/envs/heme/lib/python3.11/site-packages/Bio/PDB/StructureBuilder.py:89: PDBConstructionWarning: WARNING: Chain B is discontinuous at line 18206.
  warnings.warn(
/home/pbuser/miniconda3/envs/heme/lib/python3.11/site-packages/Bio/PDB/StructureBuilder.py:89: PDBConstructionWarning: WARNING: Chain C is discontinuous at line 18286.
  warnings.warn(
/home/pbuser/miniconda3/envs/heme/lib/python3.11/site-packages/Bio/PDB/StructureBuilder.py:89: PDBConstructionWarning: WARNING: Chain D is discontinuous at line 18522.
  warnings.warn(
/home/pbuser/miniconda3/envs/heme/lib/python3.11/site-packages/Bio/PDB/StructureBuilder.py:89: PDBConstructionWarning: WARNING: Chain A is discontinuous at line 18720.
  warnings.warn(
/home/pbuser/miniconda3/envs/heme/lib/python3.11/site-packages/Bio/PDB/StructureBuilder.py:89: PDBConstructionWarning: WARNING: Chain B is discontinuous at line 19148.
  warnings.warn(
/home/pbuser/miniconda3/envs/heme/lib/python3.11/site-packages/Bio/PDB/StructureBuilder.py:89: PDBConstructionWarning: WARNING: Chain C is discontinuous at line 19410.
  warnings.warn(
/home/pbuser/miniconda3/envs/heme/lib/python3.11/site-packages/Bio/PDB/StructureBuilder.py:89: PDBConstructionWarning: WARNING: Chain D is discontinuous at line 19502.
  warnings.warn(
/home/pbuser/miniconda3/envs/heme/lib/python3.11/site-packages/Bio/PDB/StructureBuilder.py:89: PDBConstructionWarning: WARNING: Chain A is discontinuous at line 17973.
  warnings.warn(
/home/pbuser/miniconda3/envs/heme/lib/python3.11/site-packages/Bio/PDB/StructureBuilder.py:89: PDBConstructionWarning: WARNING: Chain B is discontinuous at line 18283.
  warnings.warn(
/home/pbuser/miniconda3/envs/heme/lib/python3.11/site-packages/Bio/PDB/StructureBuilder.py:89: PDBConstructionWarning: WARNING: Chain C is discontinuous at line 18407.
  warnings.warn(
/home/pbuser/miniconda3/envs/heme/lib/python3.11/site-packages/Bio/PDB/StructureBuilder.py:89: PDBConstructionWarning: WARNING: Chain D is discontinuous at line 18689.
  warnings.warn(
/home/pbuser/miniconda3/envs/heme/lib/python3.11/site-packages/Bio/PDB/StructureBuilder.py:89: PDBConstructionWarning: WARNING: Chain A is discontinuous at line 18915.
  warnings.warn(
/home/pbuser/miniconda3/envs/heme/lib/python3.11/site-packages/Bio/PDB/StructureBuilder.py:89: PDBConstructionWarning: WARNING: Chain B is discontinuous at line 19343.
  warnings.warn(
/home/pbuser/miniconda3/envs/heme/lib/python3.11/site-packages/Bio/PDB/StructureBuilder.py:89: PDBConstructionWarning: WARNING: Chain C is discontinuous at line 19631.
  warnings.warn(
/home/pbuser/miniconda3/envs/heme/lib/python3.11/site-packages/Bio/PDB/StructureBuilder.py:89: PDBConstructionWarning: WARNING: Chain D is discontinuous at line 19739.
  warnings.warn(
/home/pbuser/miniconda3/envs/heme/lib/python3.11/site-packages/Bio/PDB/StructureBuilder.py:89: PDBConstructionWarning: WARNING: Chain A is discontinuous at line 17850.
  warnings.warn(
/home/pbuser/miniconda3/envs/heme/lib/python3.11/site-packages/Bio/PDB/StructureBuilder.py:89: PDBConstructionWarning: WARNING: Chain B is discontinuous at line 18108.
  warnings.warn(
/home/pbuser/miniconda3/envs/heme/lib/python3.11/site-packages/Bio/PDB/StructureBuilder.py:89: PDBConstructionWarning: WARNING: Chain C is discontinuous at line 18232.
  warnings.warn(
/home/pbuser/miniconda3/envs/heme/lib/python3.11/site-packages/Bio/PDB/StructureBuilder.py:89: PDBConstructionWarning: WARNING: Chain D is discontinuous at line 18576.
  warnings.warn(
/home/pbuser/miniconda3/envs/heme/lib/python3.11/site-packages/Bio/PDB/StructureBuilder.py:89: PDBConstructionWarning: WARNING: Chain A is discontinuous at line 18778.
  warnings.warn(
/home/pbuser/miniconda3/envs/heme/lib/python3.11/site-packages/Bio/PDB/StructureBuilder.py:89: PDBConstructionWarning: WARNING: Chain B is discontinuous at line 19256.
  warnings.warn(
/home/pbuser/miniconda3/envs/heme/lib/python3.11/site-packages/Bio/PDB/StructureBuilder.py:89: PDBConstructionWarning: WARNING: Chain C is discontinuous at line 19548.
  warnings.warn(
/home/pbuser/miniconda3/envs/heme/lib/python3.11/site-packages/Bio/PDB/StructureBuilder.py:89: PDBConstructionWarning: WARNING: Chain D is discontinuous at line 19656.
  warnings.warn(
/home/pbuser/miniconda3/envs/heme/lib/python3.11/site-packages/Bio/PDB/StructureBuilder.py:89: PDBConstructionWarning: WARNING: Chain A is discontinuous at line 17821.
  warnings.warn(
/home/pbuser/miniconda3/envs/heme/lib/python3.11/site-packages/Bio/PDB/StructureBuilder.py:89: PDBConstructionWarning: WARNING: Chain B is discontinuous at line 18063.
  warnings.warn(
/home/pbuser/miniconda3/envs/heme/lib/python3.11/site-packages/Bio/PDB/StructureBuilder.py:89: PDBConstructionWarning: WARNING: Chain C is discontinuous at line 18207.
  warnings.warn(
/home/pbuser/miniconda3/envs/heme/lib/python3.11/site-packages/Bio/PDB/StructureBuilder.py:89: PDBConstructionWarning: WARNING: Chain D is discontinuous at line 18429.
  warnings.warn(
/home/pbuser/miniconda3/envs/heme/lib/python3.11/site-packages/Bio/PDB/StructureBuilder.py:89: PDBConstructionWarning: WARNING: Chain A is discontinuous at line 18679.
  warnings.warn(
/home/pbuser/miniconda3/envs/heme/lib/python3.11/site-packages/Bio/PDB/StructureBuilder.py:89: PDBConstructionWarning: WARNING: Chain B is discontinuous at line 18825.
  warnings.warn(
/home/pbuser/miniconda3/envs/heme/lib/python3.11/site-packages/Bio/PDB/StructureBuilder.py:89: PDBConstructionWarning: WARNING: Chain C is discontinuous at line 18989.
  warnings.warn(
/home/pbuser/miniconda3/envs/heme/lib/python3.11/site-packages/Bio/PDB/StructureBuilder.py:89: PDBConstructionWarning: WARNING: Chain D is discontinuous at line 19035.
  warnings.warn(
/home/pbuser/miniconda3/envs/heme/lib/python3.11/site-packages/Bio/PDB/StructureBuilder.py:89: PDBConstructionWarning: WARNING: Chain A is discontinuous at line 17905.
  warnings.warn(
/home/pbuser/miniconda3/envs/heme/lib/python3.11/site-packages/Bio/PDB/StructureBuilder.py:89: PDBConstructionWarning: WARNING: Chain B is discontinuous at line 18127.
  warnings.warn(
/home/pbuser/miniconda3/envs/heme/lib/python3.11/site-packages/Bio/PDB/StructureBuilder.py:89: PDBConstructionWarning: WARNING: Chain C is discontinuous at line 18219.
  warnings.warn(
/home/pbuser/miniconda3/envs/heme/lib/python3.11/site-packages/Bio/PDB/StructureBuilder.py:89: PDBConstructionWarning: WARNING: Chain D is discontinuous at line 18461.
  warnings.warn(
/home/pbuser/miniconda3/envs/heme/lib/python3.11/site-packages/Bio/PDB/StructureBuilder.py:89: PDBConstructionWarning: WARNING: Chain A is discontinuous at line 18663.
  warnings.warn(
/home/pbuser/miniconda3/envs/heme/lib/python3.11/site-packages/Bio/PDB/StructureBuilder.py:89: PDBConstructionWarning: WARNING: Chain B is discontinuous at line 18753.
  warnings.warn(
/home/pbuser/miniconda3/envs/heme/lib/python3.11/site-packages/Bio/PDB/StructureBuilder.py:89: PDBConstructionWarning: WARNING: Chain C is discontinuous at line 18857.
  warnings.warn(
/home/pbuser/miniconda3/envs/heme/lib/python3.11/site-packages/Bio/PDB/StructureBuilder.py:89: PDBConstructionWarning: WARNING: Chain D is discontinuous at line 18891.
  warnings.warn(
/home/pbuser/miniconda3/envs/heme/lib/python3.11/site-packages/Bio/PDB/StructureBuilder.py:89: PDBConstructionWarning: WARNING: Chain A is discontinuous at line 17922.
  warnings.warn(
/home/pbuser/miniconda3/envs/heme/lib/python3.11/site-packages/Bio/PDB/StructureBuilder.py:89: PDBConstructionWarning: WARNING: Chain B is discontinuous at line 18192.
  warnings.warn(
/home/pbuser/miniconda3/envs/heme/lib/python3.11/site-packages/Bio/PDB/StructureBuilder.py:89: PDBConstructionWarning: WARNING: Chain C is discontinuous at line 18328.
  warnings.warn(
/home/pbuser/miniconda3/envs/heme/lib/python3.11/site-packages/Bio/PDB/StructureBuilder.py:89: PDBConstructionWarning: WARNING: Chain D is discontinuous at line 18646.
  warnings.warn(
/home/pbuser/miniconda3/envs/heme/lib/python3.11/site-packages/Bio/PDB/StructureBuilder.py:89: PDBConstructionWarning: WARNING: Chain A is discontinuous at line 18838.
  warnings.warn(
/home/pbuser/miniconda3/envs/heme/lib/python3.11/site-packages/Bio/PDB/StructureBuilder.py:89: PDBConstructionWarning: WARNING: Chain B is discontinuous at line 19054.
  warnings.warn(
/home/pbuser/miniconda3/envs/heme/lib/python3.11/site-packages/Bio/PDB/StructureBuilder.py:89: PDBConstructionWarning: WARNING: Chain C is discontinuous at line 19160.
  warnings.warn(
/home/pbuser/miniconda3/envs/heme/lib/python3.11/site-packages/Bio/PDB/StructureBuilder.py:89: PDBConstructionWarning: WARNING: Chain D is discontinuous at line 19202.
  warnings.warn(
/home/pbuser/miniconda3/envs/heme/lib/python3.11/site-packages/Bio/PDB/StructureBuilder.py:89: PDBConstructionWarning: WARNING: Chain A is discontinuous at line 17949.
  warnings.warn(
/home/pbuser/miniconda3/envs/heme/lib/python3.11/site-packages/Bio/PDB/StructureBuilder.py:89: PDBConstructionWarning: WARNING: Chain B is discontinuous at line 18245.
  warnings.warn(
/home/pbuser/miniconda3/envs/heme/lib/python3.11/site-packages/Bio/PDB/StructureBuilder.py:89: PDBConstructionWarning: WARNING: Chain C is discontinuous at line 18385.
  warnings.warn(
/home/pbuser/miniconda3/envs/heme/lib/python3.11/site-packages/Bio/PDB/StructureBuilder.py:89: PDBConstructionWarning: WARNING: Chain D is discontinuous at line 18715.
  warnings.warn(
/home/pbuser/miniconda3/envs/heme/lib/python3.11/site-packages/Bio/PDB/StructureBuilder.py:89: PDBConstructionWarning: WARNING: Chain A is discontinuous at line 18929.
  warnings.warn(
/home/pbuser/miniconda3/envs/heme/lib/python3.11/site-packages/Bio/PDB/StructureBuilder.py:89: PDBConstructionWarning: WARNING: Chain B is discontinuous at line 19365.
  warnings.warn(
/home/pbuser/miniconda3/envs/heme/lib/python3.11/site-packages/Bio/PDB/StructureBuilder.py:89: PDBConstructionWarning: WARNING: Chain C is discontinuous at line 19645.
  warnings.warn(
/home/pbuser/miniconda3/envs/heme/lib/python3.11/site-packages/Bio/PDB/StructureBuilder.py:89: PDBConstructionWarning: WARNING: Chain D is discontinuous at line 19731.
  warnings.warn(
/home/pbuser/Desktop/PhD_WORK/heme/heme_struct.py:198: PDBPrepWarning: d(ax1-ax2) is smaller than 4 Angstrom. Please check structure for correctness. 
  warnings.warn("d(ax1-ax2) is smaller than 4 Angstrom. Please check structure for correctness. ", PDBPrepWarning)
/home/pbuser/Desktop/PhD_WORK/heme/heme_struct.py:202: PDBPrepWarning: d(ax1-dum1) and d(ax2-dum1) are smaller than 1.5 Angstrom. This may indicate several serious issues with the choice of axials.
  warnings.warn("d(ax1-dum1) and d(ax2-dum1) are smaller than 1.5 Angstrom. This may indicate several serious issues with the choice of axials.", PDBPrepWarning)
/home/pbuser/miniconda3/envs/heme/lib/python3.11/site-packages/Bio/PDB/StructureBuilder.py:89: PDBConstructionWarning: WARNING: Chain H is discontinuous at line 6568.
  warnings.warn(
/home/pbuser/miniconda3/envs/heme/lib/python3.11/site-packages/Bio/PDB/StructureBuilder.py:89: PDBConstructionWarning: WARNING: Chain A is discontinuous at line 6571.
  warnings.warn(
/home/pbuser/miniconda3/envs/heme/lib/python3.11/site-packages/Bio/PDB/StructureBuilder.py:89: PDBConstructionWarning: WARNING: Chain C is discontinuous at line 6572.
  warnings.warn(
/home/pbuser/miniconda3/envs/heme/lib/python3.11/site-packages/Bio/PDB/StructureBuilder.py:89: PDBConstructionWarning: WARNING: Chain H is discontinuous at line 6615.
  warnings.warn(
/home/pbuser/miniconda3/envs/heme/lib/python3.11/site-packages/Bio/PDB/StructureBuilder.py:89: PDBConstructionWarning: WARNING: Chain L is discontinuous at line 6688.
  warnings.warn(
/home/pbuser/miniconda3/envs/heme/lib/python3.11/site-packages/Bio/PDB/StructureBuilder.py:89: PDBConstructionWarning: WARNING: Chain A is discontinuous at line 6705.
  warnings.warn(
/home/pbuser/miniconda3/envs/heme/lib/python3.11/site-packages/Bio/PDB/StructureBuilder.py:89: PDBConstructionWarning: WARNING: Chain C is discontinuous at line 6719.
  warnings.warn(
/home/pbuser/Desktop/PhD_WORK/heme/heme_struct.py:202: PDBPrepWarning: d(ax1-dum1) and d(ax2-dum1) are smaller than 1.5 Angstrom. This may indicate several serious issues with the choice of axials.
  warnings.warn("d(ax1-dum1) and d(ax2-dum1) are smaller than 1.5 Angstrom. This may indicate several serious issues with the choice of axials.", PDBPrepWarning)
/home/pbuser/miniconda3/envs/heme/lib/python3.11/site-packages/Bio/PDB/StructureBuilder.py:89: PDBConstructionWarning: WARNING: Chain A is discontinuous at line 5505.
  warnings.warn(
/home/pbuser/miniconda3/envs/heme/lib/python3.11/site-packages/Bio/PDB/StructureBuilder.py:89: PDBConstructionWarning: WARNING: Chain A is discontinuous at line 3340.
  warnings.warn(
/home/pbuser/miniconda3/envs/heme/lib/python3.11/site-packages/Bio/PDB/StructureBuilder.py:89: PDBConstructionWarning: WARNING: Chain B is discontinuous at line 3750.
  warnings.warn(
/home/pbuser/miniconda3/envs/heme/lib/python3.11/site-packages/Bio/PDB/StructureBuilder.py:89: PDBConstructionWarning: WARNING: Chain A is discontinuous at line 5347.
  warnings.warn(
/home/pbuser/miniconda3/envs/heme/lib/python3.11/site-packages/Bio/PDB/StructureBuilder.py:89: PDBConstructionWarning: WARNING: Chain A is discontinuous at line 5390.
=======
/root/miniconda3/envs/work/lib/python3.11/site-packages/MDAnalysis/analysis/rms.py:722: DeprecationWarning: The `rmsd` attribute was deprecated in MDAnalysis 2.0.0 and will be removed in MDAnalysis 3.0.0. Please use `results.rmsd` instead.
  warnings.warn(wmsg, DeprecationWarning)
/root/miniconda3/envs/work/lib/python3.11/site-packages/MDAnalysis/analysis/rms.py:722: DeprecationWarning: The `rmsd` attribute was deprecated in MDAnalysis 2.0.0 and will be removed in MDAnalysis 3.0.0. Please use `results.rmsd` instead.
  warnings.warn(wmsg, DeprecationWarning)
/root/miniconda3/envs/work/lib/python3.11/site-packages/MDAnalysis/analysis/rms.py:722: DeprecationWarning: The `rmsd` attribute was deprecated in MDAnalysis 2.0.0 and will be removed in MDAnalysis 3.0.0. Please use `results.rmsd` instead.
  warnings.warn(wmsg, DeprecationWarning)
/root/miniconda3/envs/work/lib/python3.11/site-packages/MDAnalysis/analysis/rms.py:722: DeprecationWarning: The `rmsd` attribute was deprecated in MDAnalysis 2.0.0 and will be removed in MDAnalysis 3.0.0. Please use `results.rmsd` instead.
  warnings.warn(wmsg, DeprecationWarning)
/root/miniconda3/envs/work/lib/python3.11/site-packages/MDAnalysis/analysis/rms.py:722: DeprecationWarning: The `rmsd` attribute was deprecated in MDAnalysis 2.0.0 and will be removed in MDAnalysis 3.0.0. Please use `results.rmsd` instead.
  warnings.warn(wmsg, DeprecationWarning)
/root/miniconda3/envs/work/lib/python3.11/site-packages/MDAnalysis/analysis/rms.py:722: DeprecationWarning: The `rmsd` attribute was deprecated in MDAnalysis 2.0.0 and will be removed in MDAnalysis 3.0.0. Please use `results.rmsd` instead.
  warnings.warn(wmsg, DeprecationWarning)
/root/miniconda3/envs/work/lib/python3.11/site-packages/MDAnalysis/analysis/rms.py:722: DeprecationWarning: The `rmsd` attribute was deprecated in MDAnalysis 2.0.0 and will be removed in MDAnalysis 3.0.0. Please use `results.rmsd` instead.
  warnings.warn(wmsg, DeprecationWarning)
/root/miniconda3/envs/work/lib/python3.11/site-packages/MDAnalysis/analysis/rms.py:722: DeprecationWarning: The `rmsd` attribute was deprecated in MDAnalysis 2.0.0 and will be removed in MDAnalysis 3.0.0. Please use `results.rmsd` instead.
  warnings.warn(wmsg, DeprecationWarning)
/root/miniconda3/envs/work/lib/python3.11/site-packages/MDAnalysis/analysis/rms.py:722: DeprecationWarning: The `rmsd` attribute was deprecated in MDAnalysis 2.0.0 and will be removed in MDAnalysis 3.0.0. Please use `results.rmsd` instead.
  warnings.warn(wmsg, DeprecationWarning)
/root/miniconda3/envs/work/lib/python3.11/site-packages/MDAnalysis/analysis/rms.py:722: DeprecationWarning: The `rmsd` attribute was deprecated in MDAnalysis 2.0.0 and will be removed in MDAnalysis 3.0.0. Please use `results.rmsd` instead.
  warnings.warn(wmsg, DeprecationWarning)
/root/miniconda3/envs/work/lib/python3.11/site-packages/MDAnalysis/analysis/rms.py:722: DeprecationWarning: The `rmsd` attribute was deprecated in MDAnalysis 2.0.0 and will be removed in MDAnalysis 3.0.0. Please use `results.rmsd` instead.
  warnings.warn(wmsg, DeprecationWarning)
/root/miniconda3/envs/work/lib/python3.11/site-packages/MDAnalysis/analysis/rms.py:722: DeprecationWarning: The `rmsd` attribute was deprecated in MDAnalysis 2.0.0 and will be removed in MDAnalysis 3.0.0. Please use `results.rmsd` instead.
  warnings.warn(wmsg, DeprecationWarning)
/root/miniconda3/envs/work/lib/python3.11/site-packages/MDAnalysis/analysis/rms.py:722: DeprecationWarning: The `rmsd` attribute was deprecated in MDAnalysis 2.0.0 and will be removed in MDAnalysis 3.0.0. Please use `results.rmsd` instead.
  warnings.warn(wmsg, DeprecationWarning)
/root/miniconda3/envs/work/lib/python3.11/site-packages/Bio/PDB/StructureBuilder.py:89: PDBConstructionWarning: WARNING: Chain A is discontinuous at line 5343.
  warnings.warn(
/root/miniconda3/envs/work/lib/python3.11/site-packages/MDAnalysis/analysis/rms.py:722: DeprecationWarning: The `rmsd` attribute was deprecated in MDAnalysis 2.0.0 and will be removed in MDAnalysis 3.0.0. Please use `results.rmsd` instead.
  warnings.warn(wmsg, DeprecationWarning)
/root/miniconda3/envs/work/lib/python3.11/site-packages/Bio/PDB/StructureBuilder.py:89: PDBConstructionWarning: WARNING: Chain A is discontinuous at line 6546.
  warnings.warn(
/root/miniconda3/envs/work/lib/python3.11/site-packages/MDAnalysis/analysis/rms.py:722: DeprecationWarning: The `rmsd` attribute was deprecated in MDAnalysis 2.0.0 and will be removed in MDAnalysis 3.0.0. Please use `results.rmsd` instead.
  warnings.warn(wmsg, DeprecationWarning)
/root/miniconda3/envs/work/lib/python3.11/site-packages/MDAnalysis/analysis/rms.py:722: DeprecationWarning: The `rmsd` attribute was deprecated in MDAnalysis 2.0.0 and will be removed in MDAnalysis 3.0.0. Please use `results.rmsd` instead.
  warnings.warn(wmsg, DeprecationWarning)
/root/miniconda3/envs/work/lib/python3.11/site-packages/Bio/PDB/StructureBuilder.py:89: PDBConstructionWarning: WARNING: Chain A is discontinuous at line 5276.
  warnings.warn(
/root/miniconda3/envs/work/lib/python3.11/site-packages/MDAnalysis/analysis/rms.py:722: DeprecationWarning: The `rmsd` attribute was deprecated in MDAnalysis 2.0.0 and will be removed in MDAnalysis 3.0.0. Please use `results.rmsd` instead.
  warnings.warn(wmsg, DeprecationWarning)
/root/miniconda3/envs/work/lib/python3.11/site-packages/MDAnalysis/analysis/rms.py:722: DeprecationWarning: The `rmsd` attribute was deprecated in MDAnalysis 2.0.0 and will be removed in MDAnalysis 3.0.0. Please use `results.rmsd` instead.
  warnings.warn(wmsg, DeprecationWarning)
/root/miniconda3/envs/work/lib/python3.11/site-packages/Bio/PDB/StructureBuilder.py:89: PDBConstructionWarning: WARNING: Chain A is discontinuous at line 5557.
  warnings.warn(
/root/miniconda3/envs/work/lib/python3.11/site-packages/MDAnalysis/analysis/rms.py:722: DeprecationWarning: The `rmsd` attribute was deprecated in MDAnalysis 2.0.0 and will be removed in MDAnalysis 3.0.0. Please use `results.rmsd` instead.
  warnings.warn(wmsg, DeprecationWarning)
/root/miniconda3/envs/work/lib/python3.11/site-packages/MDAnalysis/analysis/rms.py:722: DeprecationWarning: The `rmsd` attribute was deprecated in MDAnalysis 2.0.0 and will be removed in MDAnalysis 3.0.0. Please use `results.rmsd` instead.
  warnings.warn(wmsg, DeprecationWarning)
/root/miniconda3/envs/work/lib/python3.11/site-packages/Bio/PDB/StructureBuilder.py:89: PDBConstructionWarning: WARNING: Chain A is discontinuous at line 2874.
  warnings.warn(
/root/miniconda3/envs/work/lib/python3.11/site-packages/MDAnalysis/analysis/rms.py:722: DeprecationWarning: The `rmsd` attribute was deprecated in MDAnalysis 2.0.0 and will be removed in MDAnalysis 3.0.0. Please use `results.rmsd` instead.
  warnings.warn(wmsg, DeprecationWarning)
/root/miniconda3/envs/work/lib/python3.11/site-packages/MDAnalysis/analysis/rms.py:722: DeprecationWarning: The `rmsd` attribute was deprecated in MDAnalysis 2.0.0 and will be removed in MDAnalysis 3.0.0. Please use `results.rmsd` instead.
  warnings.warn(wmsg, DeprecationWarning)
/root/miniconda3/envs/work/lib/python3.11/site-packages/Bio/PDB/StructureBuilder.py:89: PDBConstructionWarning: WARNING: Chain A is discontinuous at line 5330.
  warnings.warn(
/root/miniconda3/envs/work/lib/python3.11/site-packages/MDAnalysis/analysis/rms.py:722: DeprecationWarning: The `rmsd` attribute was deprecated in MDAnalysis 2.0.0 and will be removed in MDAnalysis 3.0.0. Please use `results.rmsd` instead.
  warnings.warn(wmsg, DeprecationWarning)
/root/miniconda3/envs/work/lib/python3.11/site-packages/MDAnalysis/analysis/rms.py:722: DeprecationWarning: The `rmsd` attribute was deprecated in MDAnalysis 2.0.0 and will be removed in MDAnalysis 3.0.0. Please use `results.rmsd` instead.
  warnings.warn(wmsg, DeprecationWarning)
/root/miniconda3/envs/work/lib/python3.11/site-packages/MDAnalysis/analysis/rms.py:722: DeprecationWarning: The `rmsd` attribute was deprecated in MDAnalysis 2.0.0 and will be removed in MDAnalysis 3.0.0. Please use `results.rmsd` instead.
  warnings.warn(wmsg, DeprecationWarning)
/root/miniconda3/envs/work/lib/python3.11/site-packages/MDAnalysis/analysis/rms.py:722: DeprecationWarning: The `rmsd` attribute was deprecated in MDAnalysis 2.0.0 and will be removed in MDAnalysis 3.0.0. Please use `results.rmsd` instead.
  warnings.warn(wmsg, DeprecationWarning)
/root/miniconda3/envs/work/lib/python3.11/site-packages/MDAnalysis/analysis/rms.py:722: DeprecationWarning: The `rmsd` attribute was deprecated in MDAnalysis 2.0.0 and will be removed in MDAnalysis 3.0.0. Please use `results.rmsd` instead.
  warnings.warn(wmsg, DeprecationWarning)
/root/miniconda3/envs/work/lib/python3.11/site-packages/MDAnalysis/analysis/rms.py:722: DeprecationWarning: The `rmsd` attribute was deprecated in MDAnalysis 2.0.0 and will be removed in MDAnalysis 3.0.0. Please use `results.rmsd` instead.
  warnings.warn(wmsg, DeprecationWarning)
/root/miniconda3/envs/work/lib/python3.11/site-packages/MDAnalysis/analysis/rms.py:722: DeprecationWarning: The `rmsd` attribute was deprecated in MDAnalysis 2.0.0 and will be removed in MDAnalysis 3.0.0. Please use `results.rmsd` instead.
  warnings.warn(wmsg, DeprecationWarning)
/root/miniconda3/envs/work/lib/python3.11/site-packages/MDAnalysis/analysis/rms.py:722: DeprecationWarning: The `rmsd` attribute was deprecated in MDAnalysis 2.0.0 and will be removed in MDAnalysis 3.0.0. Please use `results.rmsd` instead.
  warnings.warn(wmsg, DeprecationWarning)
/root/miniconda3/envs/work/lib/python3.11/site-packages/MDAnalysis/analysis/rms.py:722: DeprecationWarning: The `rmsd` attribute was deprecated in MDAnalysis 2.0.0 and will be removed in MDAnalysis 3.0.0. Please use `results.rmsd` instead.
  warnings.warn(wmsg, DeprecationWarning)
/root/miniconda3/envs/work/lib/python3.11/site-packages/MDAnalysis/analysis/rms.py:722: DeprecationWarning: The `rmsd` attribute was deprecated in MDAnalysis 2.0.0 and will be removed in MDAnalysis 3.0.0. Please use `results.rmsd` instead.
  warnings.warn(wmsg, DeprecationWarning)
/root/miniconda3/envs/work/lib/python3.11/site-packages/Bio/PDB/StructureBuilder.py:89: PDBConstructionWarning: WARNING: Chain A is discontinuous at line 8253.
  warnings.warn(
/root/miniconda3/envs/work/lib/python3.11/site-packages/MDAnalysis/analysis/rms.py:722: DeprecationWarning: The `rmsd` attribute was deprecated in MDAnalysis 2.0.0 and will be removed in MDAnalysis 3.0.0. Please use `results.rmsd` instead.
  warnings.warn(wmsg, DeprecationWarning)
/root/miniconda3/envs/work/lib/python3.11/site-packages/MDAnalysis/analysis/rms.py:722: DeprecationWarning: The `rmsd` attribute was deprecated in MDAnalysis 2.0.0 and will be removed in MDAnalysis 3.0.0. Please use `results.rmsd` instead.
  warnings.warn(wmsg, DeprecationWarning)
/root/miniconda3/envs/work/lib/python3.11/site-packages/Bio/PDB/StructureBuilder.py:89: PDBConstructionWarning: WARNING: Chain A is discontinuous at line 17386.
  warnings.warn(
/Users/jejo/miniconda/envs/heme/lib/python3.9/site-packages/Bio/PDB/StructureBuilder.py:89: PDBConstructionWarning: WARNING: Chain B is discontinuous at line 17855.
  warnings.warn(
/Users/jejo/miniconda/envs/heme/lib/python3.9/site-packages/Bio/PDB/StructureBuilder.py:89: PDBConstructionWarning: WARNING: Chain C is discontinuous at line 19070.
  warnings.warn(
/Users/jejo/miniconda/envs/heme/lib/python3.9/site-packages/Bio/PDB/StructureBuilder.py:89: PDBConstructionWarning: WARNING: Chain D is discontinuous at line 20050.
  warnings.warn(
/Users/jejo/miniconda/envs/heme/lib/python3.9/site-packages/Bio/PDB/StructureBuilder.py:89: PDBConstructionWarning: WARNING: Chain E is discontinuous at line 20464.
  warnings.warn(
/Users/jejo/miniconda/envs/heme/lib/python3.9/site-packages/Bio/PDB/StructureBuilder.py:89: PDBConstructionWarning: WARNING: Chain F is discontinuous at line 20507.
  warnings.warn(
/Users/jejo/miniconda/envs/heme/lib/python3.9/site-packages/Bio/PDB/StructureBuilder.py:89: PDBConstructionWarning: WARNING: Chain H is discontinuous at line 20547.
  warnings.warn(
/Users/jejo/miniconda/envs/heme/lib/python3.9/site-packages/Bio/PDB/StructureBuilder.py:89: PDBConstructionWarning: WARNING: Chain I is discontinuous at line 20587.
  warnings.warn(
/Users/jejo/miniconda/envs/heme/lib/python3.9/site-packages/Bio/PDB/StructureBuilder.py:89: PDBConstructionWarning: WARNING: Chain K is discontinuous at line 20642.
  warnings.warn(
/Users/jejo/miniconda/envs/heme/lib/python3.9/site-packages/Bio/PDB/StructureBuilder.py:89: PDBConstructionWarning: WARNING: Chain M is discontinuous at line 20682.
  warnings.warn(
/Users/jejo/miniconda/envs/heme/lib/python3.9/site-packages/Bio/PDB/StructureBuilder.py:89: PDBConstructionWarning: WARNING: Chain Z is discontinuous at line 20737.
  warnings.warn(
Warning: importing 'simtk.openmm' is deprecated.  Import 'openmm' instead.
/Users/jejo/miniconda/envs/heme/lib/python3.9/site-packages/Bio/PDB/StructureBuilder.py:89: PDBConstructionWarning: WARNING: Chain A is discontinuous at line 19593.
  warnings.warn(
/Users/jejo/miniconda/envs/heme/lib/python3.9/site-packages/Bio/PDB/StructureBuilder.py:89: PDBConstructionWarning: WARNING: Chain B is discontinuous at line 20008.
  warnings.warn(
/Users/jejo/miniconda/envs/heme/lib/python3.9/site-packages/Bio/PDB/StructureBuilder.py:89: PDBConstructionWarning: WARNING: Chain C is discontinuous at line 21168.
  warnings.warn(
/Users/jejo/miniconda/envs/heme/lib/python3.9/site-packages/Bio/PDB/StructureBuilder.py:89: PDBConstructionWarning: WARNING: Chain D is discontinuous at line 22243.
  warnings.warn(
/Users/jejo/miniconda/envs/heme/lib/python3.9/site-packages/Bio/PDB/StructureBuilder.py:89: PDBConstructionWarning: WARNING: Chain E is discontinuous at line 22753.
  warnings.warn(
/Users/jejo/miniconda/envs/heme/lib/python3.9/site-packages/Bio/PDB/StructureBuilder.py:89: PDBConstructionWarning: WARNING: Chain H is discontinuous at line 22796.
  warnings.warn(
/Users/jejo/miniconda/envs/heme/lib/python3.9/site-packages/Bio/PDB/StructureBuilder.py:89: PDBConstructionWarning: WARNING: Chain I is discontinuous at line 22836.
  warnings.warn(
/Users/jejo/miniconda/envs/heme/lib/python3.9/site-packages/Bio/PDB/StructureBuilder.py:89: PDBConstructionWarning: WARNING: Chain K is discontinuous at line 22891.
  warnings.warn(
/Users/jejo/miniconda/envs/heme/lib/python3.9/site-packages/Bio/PDB/StructureBuilder.py:89: PDBConstructionWarning: WARNING: Chain A is discontinuous at line 18668.
  warnings.warn(
/Users/jejo/miniconda/envs/heme/lib/python3.9/site-packages/Bio/PDB/StructureBuilder.py:89: PDBConstructionWarning: WARNING: Chain B is discontinuous at line 18954.
  warnings.warn(
/Users/jejo/miniconda/envs/heme/lib/python3.9/site-packages/Bio/PDB/StructureBuilder.py:89: PDBConstructionWarning: WARNING: Chain C is discontinuous at line 20114.
  warnings.warn(
/Users/jejo/miniconda/envs/heme/lib/python3.9/site-packages/Bio/PDB/StructureBuilder.py:89: PDBConstructionWarning: WARNING: Chain D is discontinuous at line 21189.
  warnings.warn(
/Users/jejo/miniconda/envs/heme/lib/python3.9/site-packages/Bio/PDB/StructureBuilder.py:89: PDBConstructionWarning: WARNING: Chain E is discontinuous at line 21678.
  warnings.warn(
/Users/jejo/miniconda/envs/heme/lib/python3.9/site-packages/Bio/PDB/StructureBuilder.py:89: PDBConstructionWarning: WARNING: Chain F is discontinuous at line 21721.
  warnings.warn(
/Users/jejo/miniconda/envs/heme/lib/python3.9/site-packages/Bio/PDB/StructureBuilder.py:89: PDBConstructionWarning: WARNING: Chain H is discontinuous at line 21816.
  warnings.warn(
/Users/jejo/miniconda/envs/heme/lib/python3.9/site-packages/Bio/PDB/StructureBuilder.py:89: PDBConstructionWarning: WARNING: Chain I is discontinuous at line 21856.
  warnings.warn(
/Users/jejo/miniconda/envs/heme/lib/python3.9/site-packages/Bio/PDB/StructureBuilder.py:89: PDBConstructionWarning: WARNING: Chain K is discontinuous at line 21911.
  warnings.warn(
/Users/jejo/miniconda/envs/heme/lib/python3.9/site-packages/Bio/PDB/StructureBuilder.py:89: PDBConstructionWarning: WARNING: Chain 3 is discontinuous at line 21951.
  warnings.warn(
/root/miniconda3/envs/work/lib/python3.11/site-packages/MDAnalysis/analysis/rms.py:722: DeprecationWarning: The `rmsd` attribute was deprecated in MDAnalysis 2.0.0 and will be removed in MDAnalysis 3.0.0. Please use `results.rmsd` instead.
  warnings.warn(wmsg, DeprecationWarning)
/root/miniconda3/envs/work/lib/python3.11/site-packages/MDAnalysis/analysis/rms.py:722: DeprecationWarning: The `rmsd` attribute was deprecated in MDAnalysis 2.0.0 and will be removed in MDAnalysis 3.0.0. Please use `results.rmsd` instead.
  warnings.warn(wmsg, DeprecationWarning)
/root/miniconda3/envs/work/lib/python3.11/site-packages/MDAnalysis/analysis/rms.py:722: DeprecationWarning: The `rmsd` attribute was deprecated in MDAnalysis 2.0.0 and will be removed in MDAnalysis 3.0.0. Please use `results.rmsd` instead.
  warnings.warn(wmsg, DeprecationWarning)
/root/miniconda3/envs/work/lib/python3.11/site-packages/MDAnalysis/analysis/rms.py:722: DeprecationWarning: The `rmsd` attribute was deprecated in MDAnalysis 2.0.0 and will be removed in MDAnalysis 3.0.0. Please use `results.rmsd` instead.
  warnings.warn(wmsg, DeprecationWarning)
/root/miniconda3/envs/work/lib/python3.11/site-packages/MDAnalysis/analysis/rms.py:722: DeprecationWarning: The `rmsd` attribute was deprecated in MDAnalysis 2.0.0 and will be removed in MDAnalysis 3.0.0. Please use `results.rmsd` instead.
  warnings.warn(wmsg, DeprecationWarning)
/root/miniconda3/envs/work/lib/python3.11/site-packages/MDAnalysis/analysis/rms.py:722: DeprecationWarning: The `rmsd` attribute was deprecated in MDAnalysis 2.0.0 and will be removed in MDAnalysis 3.0.0. Please use `results.rmsd` instead.
  warnings.warn(wmsg, DeprecationWarning)
/root/miniconda3/envs/work/lib/python3.11/site-packages/MDAnalysis/analysis/rms.py:722: DeprecationWarning: The `rmsd` attribute was deprecated in MDAnalysis 2.0.0 and will be removed in MDAnalysis 3.0.0. Please use `results.rmsd` instead.
  warnings.warn(wmsg, DeprecationWarning)
/root/miniconda3/envs/work/lib/python3.11/site-packages/MDAnalysis/analysis/rms.py:722: DeprecationWarning: The `rmsd` attribute was deprecated in MDAnalysis 2.0.0 and will be removed in MDAnalysis 3.0.0. Please use `results.rmsd` instead.
  warnings.warn(wmsg, DeprecationWarning)
/root/miniconda3/envs/work/lib/python3.11/site-packages/MDAnalysis/analysis/rms.py:722: DeprecationWarning: The `rmsd` attribute was deprecated in MDAnalysis 2.0.0 and will be removed in MDAnalysis 3.0.0. Please use `results.rmsd` instead.
  warnings.warn(wmsg, DeprecationWarning)
/root/miniconda3/envs/work/lib/python3.11/site-packages/MDAnalysis/analysis/rms.py:722: DeprecationWarning: The `rmsd` attribute was deprecated in MDAnalysis 2.0.0 and will be removed in MDAnalysis 3.0.0. Please use `results.rmsd` instead.
  warnings.warn(wmsg, DeprecationWarning)
/root/miniconda3/envs/work/lib/python3.11/site-packages/Bio/PDB/StructureBuilder.py:89: PDBConstructionWarning: WARNING: Chain A is discontinuous at line 14177.
  warnings.warn(
/root/miniconda3/envs/work/lib/python3.11/site-packages/Bio/PDB/StructureBuilder.py:89: PDBConstructionWarning: WARNING: Chain B is discontinuous at line 14589.
  warnings.warn(
/root/miniconda3/envs/work/lib/python3.11/site-packages/Bio/PDB/StructureBuilder.py:89: PDBConstructionWarning: WARNING: Chain C is discontinuous at line 15559.
  warnings.warn(
/root/miniconda3/envs/work/lib/python3.11/site-packages/Bio/PDB/StructureBuilder.py:89: PDBConstructionWarning: WARNING: Chain D is discontinuous at line 16476.
  warnings.warn(
/root/miniconda3/envs/work/lib/python3.11/site-packages/Bio/PDB/StructureBuilder.py:89: PDBConstructionWarning: WARNING: Chain F is discontinuous at line 16816.
  warnings.warn(
/root/miniconda3/envs/work/lib/python3.11/site-packages/Bio/PDB/StructureBuilder.py:89: PDBConstructionWarning: WARNING: Chain A is discontinuous at line 16859.
  warnings.warn(
/root/miniconda3/envs/work/lib/python3.11/site-packages/Bio/PDB/StructureBuilder.py:89: PDBConstructionWarning: WARNING: Chain B is discontinuous at line 16920.
  warnings.warn(
/root/miniconda3/envs/work/lib/python3.11/site-packages/Bio/PDB/StructureBuilder.py:89: PDBConstructionWarning: WARNING: Chain C is discontinuous at line 16979.
  warnings.warn(
/root/miniconda3/envs/work/lib/python3.11/site-packages/Bio/PDB/StructureBuilder.py:89: PDBConstructionWarning: WARNING: Chain D is discontinuous at line 17023.
  warnings.warn(
/root/miniconda3/envs/work/lib/python3.11/site-packages/Bio/PDB/StructureBuilder.py:89: PDBConstructionWarning: WARNING: Chain I is discontinuous at line 17088.
>>>>>>> 7f796bca13b604334085fa85035544d35cdbf4b3
  warnings.warn(
/root/miniconda3/envs/work/lib/python3.11/site-packages/MDAnalysis/analysis/rms.py:722: DeprecationWarning: The `rmsd` attribute was deprecated in MDAnalysis 2.0.0 and will be removed in MDAnalysis 3.0.0. Please use `results.rmsd` instead.
  warnings.warn(wmsg, DeprecationWarning)
/root/miniconda3/envs/work/lib/python3.11/site-packages/MDAnalysis/analysis/rms.py:722: DeprecationWarning: The `rmsd` attribute was deprecated in MDAnalysis 2.0.0 and will be removed in MDAnalysis 3.0.0. Please use `results.rmsd` instead.
  warnings.warn(wmsg, DeprecationWarning)
/root/miniconda3/envs/work/lib/python3.11/site-packages/MDAnalysis/analysis/rms.py:722: DeprecationWarning: The `rmsd` attribute was deprecated in MDAnalysis 2.0.0 and will be removed in MDAnalysis 3.0.0. Please use `results.rmsd` instead.
  warnings.warn(wmsg, DeprecationWarning)
