
================================================================================
LARGE DISTANCE DIFFERENCES FOUND FOR 1ac8
PDB File: /home/pbuser/Desktop/PhD_WORK/heme/PDB/1ac8/1ac8_system_protonated.pdb
XYZ File: /home/pbuser/Desktop/PhD_WORK/heme/PDB/1ac8/1ac8_g16.xyz
Total atoms - PDB: 78, XYZ: 78
================================================================================

Axial Ligand 1 (HOH):
Closest atom: XH2 (O) at PDB index 63
PDB distance: 1.950 Å
XYZ distance: 3.757 Å
Distance difference: 1.807 Å (> 1.5 Å threshold)
Iron PDB coords: [28.180, 93.940, 52.990]
Iron XYZ coords: [28.204, 94.032, 52.966]
Axial PDB coords: [26.920, 95.140, 53.870]
Axial XYZ coords: [26.010, 96.490, 54.771]


================================================================================
LARGE DISTANCE DIFFERENCES FOUND FOR 4oq7
PDB File: /home/pbuser/Desktop/PhD_WORK/heme/PDB/4oq7/4oq7_system_protonated.pdb
XYZ File: /home/pbuser/Desktop/PhD_WORK/heme/PDB/4oq7/4oq7_g16.xyz
Total atoms - PDB: 78, XYZ: 78
================================================================================

Axial Ligand 2 (HSD):
Closest atom: NE2 (N) at PDB index 75
PDB distance: 2.066 Å
XYZ distance: 4.001 Å
Distance difference: 1.935 Å (> 1.5 Å threshold)
Iron PDB coords: [-37.542, -69.059, 104.826]
Iron XYZ coords: [-37.366, -69.106, 105.245]
Axial PDB coords: [-36.651, -68.157, 103.195]
Axial XYZ coords: [-36.116, -68.638, 101.473]


================================================================================
LARGE DISTANCE DIFFERENCES FOUND FOR 2vnx
PDB File: /home/pbuser/Desktop/PhD_WORK/heme/PDB/2vnx/2vnx_system_protonated.pdb
XYZ File: /home/pbuser/Desktop/PhD_WORK/heme/PDB/2vnx/2vnx_g16.xyz
Total atoms - PDB: 87, XYZ: 87
================================================================================

Axial Ligand 1 (HSD):
Closest atom: NE2 (N) at PDB index 72
PDB distance: 4.776 Å
XYZ distance: 2.010 Å
Distance difference: 2.766 Å (> 1.5 Å threshold)
Iron PDB coords: [14.994, 54.743, 19.186]
Iron XYZ coords: [15.191, 54.927, 19.004]
Axial PDB coords: [17.801, 57.312, 16.299]
Axial XYZ coords: [16.578, 55.956, 17.974]


================================================================================
LARGE DISTANCE DIFFERENCES FOUND FOR 1iyn
PDB File: /home/pbuser/Desktop/PhD_WORK/heme/PDB/1iyn/1iyn_system_protonated.pdb
XYZ File: /home/pbuser/Desktop/PhD_WORK/heme/PDB/1iyn/1iyn_g16.xyz
Total atoms - PDB: 78, XYZ: 78
================================================================================

Axial Ligand 1 (HOH):
Closest atom: XH2 (O) at PDB index 63
PDB distance: 2.189 Å
XYZ distance: 5.873 Å
Distance difference: 3.684 Å (> 1.5 Å threshold)
Iron PDB coords: [-0.598, 36.257, 24.485]
Iron XYZ coords: [-0.587, 36.233, 24.434]
Axial PDB coords: [-1.489, 35.553, 26.357]
Axial XYZ coords: [-3.528, 35.599, 29.478]

